Read Time:           0.43052
Graph has 23947347 nodes and 57708624 directed edges for degree: 2
  0    0.273580
  1    0.077140
  2    0.027477
  3    0.013981
  4    0.008379
  5    0.005401
  6    0.003616
  7    0.002474
  8    0.001716
  9    0.001202
 10    0.000847
 11    0.000600
 12    0.000426
 13    0.000304
 14    0.000217
 15    0.000155
 16    0.000111
 17    0.000080
Trial Time:          0.22245
  0    0.273580
  1    0.077138
  2    0.027475
  3    0.013981
  4    0.008379
  5    0.005401
  6    0.003616
  7    0.002474
  8    0.001716
  9    0.001202
 10    0.000847
 11    0.000600
 12    0.000426
 13    0.000304
 14    0.000217
 15    0.000155
 16    0.000111
 17    0.000080
Trial Time:          0.22413
  0    0.273580
  1    0.077139
  2    0.027476
  3    0.013981
  4    0.008379
  5    0.005401
  6    0.003616
  7    0.002474
  8    0.001716
  9    0.001202
 10    0.000847
 11    0.000600
 12    0.000426
 13    0.000304
 14    0.000217
 15    0.000155
 16    0.000111
 17    0.000080
Trial Time:          0.22543
Average Time:        0.22400
