Generate Time:       0.09522
Build Time:          0.04705
Graph has 262143 nodes and 3805448 undirected edges for degree: 14
  0    1.090731
  1    0.084189
  2    0.004617
  3    0.001059
  4    0.000727
  5    0.000528
  6    0.000385
  7    0.000281
  8    0.000204
  9    0.000149
 10    0.000109
 11    0.000079
Trial Time:          0.01065
  0    1.090582
  1    0.084111
  2    0.004592
  3    0.001019
  4    0.000697
  5    0.000507
  6    0.000370
  7    0.000269
  8    0.000196
  9    0.000143
 10    0.000104
 11    0.000076
Trial Time:          0.01017
  0    1.090595
  1    0.084058
  2    0.004592
  3    0.001017
  4    0.000697
  5    0.000506
  6    0.000369
  7    0.000269
  8    0.000196
  9    0.000143
 10    0.000104
 11    0.000076
Trial Time:          0.01007
Average Time:        0.01030
Generate Time:       0.18028
Build Time:          0.09249
Graph has 524288 nodes and 7741615 undirected edges for degree: 14
  0    1.096018
  1    0.078525
  2    0.004160
  3    0.000530
  4    0.000333
  5    0.000242
  6    0.000176
  7    0.000129
  8    0.000094
Trial Time:          0.01993
  0    1.095835
  1    0.078468
  2    0.004148
  3    0.000481
  4    0.000291
  5    0.000211
  6    0.000154
  7    0.000112
  8    0.000082
Trial Time:          0.01921
  0    1.095687
  1    0.078422
  2    0.004140
  3    0.000445
  4    0.000257
  5    0.000187
  6    0.000136
  7    0.000099
Trial Time:          0.01704
Average Time:        0.01873
Generate Time:       0.28935
Build Time:          0.19406
Graph has 1048575 nodes and 15699687 undirected edges for degree: 14
  0    1.092049
  1    0.072818
  2    0.004195
  3    0.000875
  4    0.000543
  5    0.000381
  6    0.000274
  7    0.000198
  8    0.000144
  9    0.000105
 10    0.000076
Trial Time:          0.04538
  0    1.091917
  1    0.072849
  2    0.004213
  3    0.000904
  4    0.000566
  5    0.000397
  6    0.000286
  7    0.000207
  8    0.000150
  9    0.000110
 10    0.000080
Trial Time:          0.04446
  0    1.091918
  1    0.072827
  2    0.004221
  3    0.000905
  4    0.000567
  5    0.000398
  6    0.000286
  7    0.000208
  8    0.000151
  9    0.000110
 10    0.000080
Trial Time:          0.04426
Average Time:        0.04470
Generate Time:       0.58766
Build Time:          0.40391
Graph has 2097152 nodes and 31768588 undirected edges for degree: 15
  0    1.091572
  1    0.068379
  2    0.003859
  3    0.000752
  4    0.000447
  5    0.000310
  6    0.000222
  7    0.000161
  8    0.000117
  9    0.000085
Trial Time:          0.09128
  0    1.091554
  1    0.068328
  2    0.003858
  3    0.000754
  4    0.000449
  5    0.000312
  6    0.000223
  7    0.000162
  8    0.000117
  9    0.000085
Trial Time:          0.08952
  0    1.091610
  1    0.068348
  2    0.003850
  3    0.000743
  4    0.000440
  5    0.000305
  6    0.000219
  7    0.000158
  8    0.000115
  9    0.000083
Trial Time:          0.08977
Average Time:        0.09019
Generate Time:       1.13812
Build Time:          0.88938
Graph has 4194303 nodes and 64155718 undirected edges for degree: 15
  0    1.097043
  1    0.064584
  2    0.003230
  3    0.000338
  4    0.000123
  5    0.000072
Trial Time:          0.12843
  0    1.097042
  1    0.064588
  2    0.003221
  3    0.000337
  4    0.000123
  5    0.000072
Trial Time:          0.12620
  0    1.097048
  1    0.064584
  2    0.003219
  3    0.000335
  4    0.000121
  5    0.000070
Trial Time:          0.12546
Average Time:        0.12670
Generate Time:       2.36451
Build Time:          1.93967
Graph has 8388607 nodes and 129337750 undirected edges for degree: 15
  0    1.096006
  1    0.060477
  2    0.002860
  3    0.000249
  4    0.000053
Trial Time:          0.26563
  0    1.096006
  1    0.060469
  2    0.002855
  3    0.000247
  4    0.000052
Trial Time:          0.25783
  0    1.096004
  1    0.060471
  2    0.002855
  3    0.000247
  4    0.000052
Trial Time:          0.25805
Average Time:        0.26051
Generate Time:       4.95969
Build Time:          4.25185
Graph has 16777216 nodes and 260376709 undirected edges for degree: 15
  0    1.092541
  1    0.056836
  2    0.002616
  3    0.000241
  4    0.000063
Trial Time:          0.64593
  0    1.092537
  1    0.056837
  2    0.002616
  3    0.000241
  4    0.000064
Trial Time:          0.63622
  0    1.092541
  1    0.056837
  2    0.002616
  3    0.000241
  4    0.000063
Trial Time:          0.64302
Average Time:        0.64172
Generate Time:       10.74008
Build Time:          9.48728
Graph has 33554432 nodes and 523609129 undirected edges for degree: 15
  0    1.092365
  1    0.053519
  2    0.002378
  3    0.000191
  4    0.000030
Trial Time:          1.59595
  0    1.092363
  1    0.053520
  2    0.002378
  3    0.000192
  4    0.000030
Trial Time:          1.60150
  0    1.092363
  1    0.053521
  2    0.002378
  3    0.000192
  4    0.000030
Trial Time:          1.60208
Average Time:        1.59984
Generate Time:       23.10741
Build Time:          20.85431
Graph has 67108863 nodes and 1051923215 undirected edges for degree: 15
  0    1.088590
  1    0.050229
  2    0.002184
  3    0.000197
  4    0.000049
Trial Time:          4.10482
  0    1.088590
  1    0.050230
  2    0.002184
  3    0.000197
  4    0.000048
Trial Time:          4.14089
  0    1.088590
  1    0.050230
  2    0.002184
  3    0.000196
  4    0.000048
Trial Time:          4.15875
Average Time:        4.13482
Generate Time:       50.70149
Build Time:          46.33631
Graph has 134217726 nodes and 2111632322 undirected edges for degree: 15
  0    1.083880
  1    0.047384
  2    0.001969
  3    0.000153
  4    0.000048
Trial Time:          10.41880
  0    1.083880
  1    0.047384
  2    0.001969
  3    0.000153
  4    0.000048
Trial Time:          10.42957
  0    1.083880
  1    0.047384
  2    0.001970
  3    0.000153
  4    0.000048
Trial Time:          10.48196
Average Time:        10.44344
