Read Time:           8.28368
Graph has 50636151 nodes and 1930292948 directed edges for degree: 38
  0    1.110043
  1    0.251060
  2    0.080932
  3    0.037366
  4    0.020564
  5    0.012348
  6    0.007791
  7    0.005030
  8    0.003316
  9    0.002220
 10    0.001498
 11    0.001021
 12    0.000701
 13    0.000483
 14    0.000335
 15    0.000234
 16    0.000164
 17    0.000115
 18    0.000081
Trial Time:          3.13644
  0    1.109802
  1    0.251236
  2    0.081201
  3    0.037449
  4    0.020626
  5    0.012386
  6    0.007803
  7    0.005031
  8    0.003316
  9    0.002220
 10    0.001497
 11    0.001021
 12    0.000701
 13    0.000483
 14    0.000335
 15    0.000234
 16    0.000164
 17    0.000115
 18    0.000081
Trial Time:          3.16899
  0    1.109795
  1    0.251070
  2    0.080882
  3    0.037353
  4    0.020553
  5    0.012339
  6    0.007775
  7    0.005015
  8    0.003301
  9    0.002210
 10    0.001491
 11    0.001017
 12    0.000698
 13    0.000481
 14    0.000334
 15    0.000233
 16    0.000163
 17    0.000115
 18    0.000081
Trial Time:          3.16438
Average Time:        3.15661
