Read Time:           6.21505
Graph has 61578415 nodes and 1468364884 directed edges for degree: 23
  0    0.981419
  1    0.197321
  2    0.061444
  3    0.028810
  4    0.017748
  5    0.012106
  6    0.008536
  7    0.006079
  8    0.004344
  9    0.003112
 10    0.002233
 11    0.001603
 12    0.001152
 13    0.000828
 14    0.000595
 15    0.000428
 16    0.000308
 17    0.000221
 18    0.000159
 19    0.000115
Trial Time:          8.90416
  0    0.981423
  1    0.197323
  2    0.061497
  3    0.028846
  4    0.017758
  5    0.012100
  6    0.008530
  7    0.006074
  8    0.004341
  9    0.003109
 10    0.002231
 11    0.001602
 12    0.001151
 13    0.000827
 14    0.000595
 15    0.000428
 16    0.000308
 17    0.000221
 18    0.000159
 19    0.000114
Trial Time:          8.98808
  0    0.981450
  1    0.197369
  2    0.061491
  3    0.028840
  4    0.017757
  5    0.012100
  6    0.008530
  7    0.006074
  8    0.004341
  9    0.003109
 10    0.002231
 11    0.001602
 12    0.001151
 13    0.000827
 14    0.000595
 15    0.000428
 16    0.000308
 17    0.000221
 18    0.000159
 19    0.000114
Trial Time:          8.97253
Average Time:        8.95492
