Read Time:           8.31969
Graph has 50636151 nodes and 1930292948 directed edges for degree: 38
  0    1.110254
  1    0.251185
  2    0.080983
  3    0.037373
  4    0.020575
  5    0.012370
  6    0.007787
  7    0.005022
  8    0.003310
  9    0.002212
 10    0.001493
 11    0.001018
 12    0.000699
 13    0.000481
 14    0.000334
 15    0.000233
 16    0.000163
 17    0.000115
 18    0.000081
Trial Time:          3.10962
  0    1.109787
  1    0.250848
  2    0.080872
  3    0.037365
  4    0.020601
  5    0.012363
  6    0.007812
  7    0.005038
  8    0.003322
  9    0.002223
 10    0.001502
 11    0.001023
 12    0.000704
 13    0.000485
 14    0.000336
 15    0.000235
 16    0.000164
 17    0.000115
 18    0.000081
Trial Time:          3.11033
  0    1.110087
  1    0.251236
  2    0.080834
  3    0.037344
  4    0.020568
  5    0.012350
  6    0.007791
  7    0.005030
  8    0.003313
  9    0.002214
 10    0.001495
 11    0.001019
 12    0.000699
 13    0.000482
 14    0.000334
 15    0.000233
 16    0.000163
 17    0.000115
 18    0.000081
Trial Time:          3.11073
Average Time:        3.11023
