Read Time:           6.22271
Graph has 61578415 nodes and 1468364884 directed edges for degree: 23
  0    0.981465
  1    0.197378
  2    0.061509
  3    0.028844
  4    0.017755
  5    0.012099
  6    0.008528
  7    0.006072
  8    0.004340
  9    0.003109
 10    0.002230
 11    0.001601
 12    0.001151
 13    0.000827
 14    0.000595
 15    0.000428
 16    0.000307
 17    0.000221
 18    0.000159
 19    0.000114
Trial Time:          9.12703
  0    0.981454
  1    0.197334
  2    0.061465
  3    0.028818
  4    0.017746
  5    0.012101
  6    0.008533
  7    0.006076
  8    0.004343
  9    0.003111
 10    0.002232
 11    0.001603
 12    0.001151
 13    0.000828
 14    0.000595
 15    0.000428
 16    0.000308
 17    0.000221
 18    0.000159
 19    0.000114
Trial Time:          9.20408
  0    0.981437
  1    0.197333
  2    0.061465
  3    0.028821
  4    0.017747
  5    0.012100
  6    0.008531
  7    0.006075
  8    0.004342
  9    0.003110
 10    0.002231
 11    0.001602
 12    0.001151
 13    0.000828
 14    0.000595
 15    0.000428
 16    0.000308
 17    0.000221
 18    0.000159
 19    0.000114
Trial Time:          9.16315
Average Time:        9.16475
