SCALE 18 on pr_orig

 Performance counter stats for './pr_orig -g 18 -n 3':

          4,173.39 msec task-clock                #   20.291 CPUs utilized          
                47      context-switches          #    0.011 K/sec                  
                24      cpu-migrations            #    0.006 K/sec                  
            27,585      page-faults               #    0.007 M/sec                  
    11,729,550,069      cycles                    #    2.811 GHz                    
     7,914,610,081      instructions              #    0.67  insn per cycle         
     1,339,105,732      branches                  #  320.868 M/sec                  
       110,268,987      branch-misses             #    8.23% of all branches        

       0.205678537 seconds time elapsed

       4.136286000 seconds user
       0.040551000 seconds sys


SCALE 19 on pr_orig

 Performance counter stats for './pr_orig -g 19 -n 3':

          7,895.01 msec task-clock                #   20.411 CPUs utilized          
                91      context-switches          #    0.012 K/sec                  
                23      cpu-migrations            #    0.003 K/sec                  
            54,469      page-faults               #    0.007 M/sec                  
    22,689,037,166      cycles                    #    2.874 GHz                    
    15,410,649,118      instructions              #    0.68  insn per cycle         
     2,565,100,768      branches                  #  324.902 M/sec                  
       223,705,231      branch-misses             #    8.72% of all branches        

       0.386804932 seconds time elapsed

       7.594270000 seconds user
       0.307929000 seconds sys


SCALE 20 on pr_orig

 Performance counter stats for './pr_orig -g 20 -n 3':

         15,907.89 msec task-clock                #   21.858 CPUs utilized          
               174      context-switches          #    0.011 K/sec                  
                24      cpu-migrations            #    0.002 K/sec                  
           108,291      page-faults               #    0.007 M/sec                  
    47,172,661,068      cycles                    #    2.965 GHz                    
    32,667,375,420      instructions              #    0.69  insn per cycle         
     5,392,292,985      branches                  #  338.970 M/sec                  
       469,481,419      branch-misses             #    8.71% of all branches        

       0.727788967 seconds time elapsed

      15.470884000 seconds user
       0.452084000 seconds sys


SCALE 21 on pr_orig

 Performance counter stats for './pr_orig -g 21 -n 3':

         32,104.01 msec task-clock                #   21.767 CPUs utilized          
               213      context-switches          #    0.007 K/sec                  
                23      cpu-migrations            #    0.001 K/sec                  
           281,641      page-faults               #    0.009 M/sec                  
    96,009,396,877      cycles                    #    2.991 GHz                    
    66,064,287,658      instructions              #    0.69  insn per cycle         
    10,791,581,200      branches                  #  336.144 M/sec                  
       965,095,680      branch-misses             #    8.94% of all branches        

       1.474905865 seconds time elapsed

      31.147758000 seconds user
       0.972616000 seconds sys


SCALE 22 on pr_orig

 Performance counter stats for './pr_orig -g 22 -n 3':

         61,689.10 msec task-clock                #   21.951 CPUs utilized          
               332      context-switches          #    0.005 K/sec                  
                24      cpu-migrations            #    0.000 K/sec                  
           617,751      page-faults               #    0.010 M/sec                  
   187,688,506,623      cycles                    #    3.042 GHz                    
   127,178,202,745      instructions              #    0.68  insn per cycle         
    20,470,327,143      branches                  #  331.831 M/sec                  
     1,941,877,473      branch-misses             #    9.49% of all branches        

       2.810270146 seconds time elapsed

      60.134695000 seconds user
       1.572593000 seconds sys


SCALE 23 on pr_orig

 Performance counter stats for './pr_orig -g 23 -n 3':

        128,333.12 msec task-clock                #   22.059 CPUs utilized          
               461      context-switches          #    0.004 K/sec                  
                24      cpu-migrations            #    0.000 K/sec                  
         1,249,600      page-faults               #    0.010 M/sec                  
   393,292,184,755      cycles                    #    3.065 GHz                    
   258,416,983,124      instructions              #    0.66  insn per cycle         
    41,345,724,870      branches                  #  322.175 M/sec                  
     3,979,247,463      branch-misses             #    9.62% of all branches        

       5.817669077 seconds time elapsed

     125.136362000 seconds user
       3.217757000 seconds sys


SCALE 24 on pr_orig

 Performance counter stats for './pr_orig -g 24 -n 3':

        278,987.65 msec task-clock                #   22.083 CPUs utilized          
               733      context-switches          #    0.003 K/sec                  
                24      cpu-migrations            #    0.000 K/sec                  
         2,612,726      page-faults               #    0.009 M/sec                  
   855,872,753,848      cycles                    #    3.068 GHz                    
   534,333,216,045      instructions              #    0.62  insn per cycle         
    85,273,490,743      branches                  #  305.653 M/sec                  
     8,230,254,675      branch-misses             #    9.65% of all branches        

      12.633425043 seconds time elapsed

     271.947551000 seconds user
       7.066271000 seconds sys


SCALE 25 on pr_orig

 Performance counter stats for './pr_orig -g 25 -n 3':

        615,977.52 msec task-clock                #   21.956 CPUs utilized          
             1,392      context-switches          #    0.002 K/sec                  
                24      cpu-migrations            #    0.000 K/sec                  
         5,424,047      page-faults               #    0.009 M/sec                  
 1,885,988,022,027      cycles                    #    3.062 GHz                    
 1,104,223,793,007      instructions              #    0.59  insn per cycle         
   175,892,890,460      branches                  #  285.551 M/sec                  
    16,975,929,967      branch-misses             #    9.65% of all branches        

      28.055465199 seconds time elapsed

     601.621442000 seconds user
      14.391537000 seconds sys


SCALE 26 on pr_orig

 Performance counter stats for './pr_orig -g 26 -n 3':

      1,374,219.27 msec task-clock                #   21.950 CPUs utilized          
             2,776      context-switches          #    0.002 K/sec                  
                24      cpu-migrations            #    0.000 K/sec                  
        10,850,098      page-faults               #    0.008 M/sec                  
 4,210,120,940,177      cycles                    #    3.064 GHz                    
 2,279,813,704,440      instructions              #    0.54  insn per cycle         
   362,620,877,845      branches                  #  263.874 M/sec                  
    34,962,928,647      branch-misses             #    9.64% of all branches        

      62.605473705 seconds time elapsed

    1347.284532000 seconds user
      26.985280000 seconds sys


SCALE 27 on pr_orig

 Performance counter stats for './pr_orig -g 27 -n 3':

      3,100,723.07 msec task-clock                #   22.069 CPUs utilized          
             5,030      context-switches          #    0.002 K/sec                  
                24      cpu-migrations            #    0.000 K/sec                  
        22,281,470      page-faults               #    0.007 M/sec                  
 9,453,434,726,256      cycles                    #    3.049 GHz                    
 4,703,168,562,874      instructions              #    0.50  insn per cycle         
   746,986,059,991      branches                  #  240.907 M/sec                  
    72,018,524,889      branch-misses             #    9.64% of all branches        

     140.499170669 seconds time elapsed

    3046.616435000 seconds user
      54.160328000 seconds sys


