Read Time:           0.47223
Graph has 23947347 nodes and 57708624 directed edges for degree: 2
  0    0.273580
  1    0.077134
  2    0.027476
  3    0.013984
  4    0.008380
  5    0.005402
  6    0.003616
  7    0.002474
  8    0.001716
  9    0.001202
 10    0.000847
 11    0.000600
 12    0.000426
 13    0.000304
 14    0.000217
 15    0.000155
 16    0.000111
 17    0.000080
Trial Time:          0.24276
  0    0.273582
  1    0.077140
  2    0.027478
  3    0.013982
  4    0.008380
  5    0.005401
  6    0.003615
  7    0.002474
  8    0.001717
  9    0.001202
 10    0.000847
 11    0.000600
 12    0.000426
 13    0.000304
 14    0.000217
 15    0.000155
 16    0.000111
 17    0.000080
Trial Time:          0.24184
  0    0.273583
  1    0.077140
  2    0.027477
  3    0.013982
  4    0.008380
  5    0.005402
  6    0.003616
  7    0.002474
  8    0.001716
  9    0.001202
 10    0.000847
 11    0.000600
 12    0.000426
 13    0.000304
 14    0.000217
 15    0.000155
 16    0.000111
 17    0.000080
Trial Time:          0.24253
Average Time:        0.24238
