Generate Time:       0.09619
Build Time:          0.04771
Graph has 262143 nodes and 3805448 undirected edges for degree: 14
  0    1.090737
  1    0.084143
  2    0.004614
  3    0.001070
  4    0.000736
  5    0.000534
  6    0.000390
  7    0.000284
  8    0.000207
  9    0.000151
 10    0.000110
 11    0.000080
Trial Time:          0.01067
  0    1.090830
  1    0.084161
  2    0.004618
  3    0.001078
  4    0.000741
  5    0.000538
  6    0.000392
  7    0.000286
  8    0.000208
  9    0.000152
 10    0.000111
 11    0.000081
Trial Time:          0.01034
  0    1.090720
  1    0.084213
  2    0.004616
  3    0.001058
  4    0.000727
  5    0.000528
  6    0.000384
  7    0.000280
  8    0.000204
  9    0.000149
 10    0.000108
 11    0.000079
Trial Time:          0.01025
Average Time:        0.01042
Generate Time:       0.17941
Build Time:          0.09184
Graph has 524288 nodes and 7741615 undirected edges for degree: 14
  0    1.095908
  1    0.078409
  2    0.004147
  3    0.000467
  4    0.000277
  5    0.000201
  6    0.000147
  7    0.000107
  8    0.000078
Trial Time:          0.01990
  0    1.095915
  1    0.078497
  2    0.004139
  3    0.000495
  4    0.000302
  5    0.000220
  6    0.000160
  7    0.000117
  8    0.000085
Trial Time:          0.01925
  0    1.095797
  1    0.078441
  2    0.004149
  3    0.000475
  4    0.000285
  5    0.000207
  6    0.000151
  7    0.000110
  8    0.000080
Trial Time:          0.01919
Average Time:        0.01945
Generate Time:       0.28970
Build Time:          0.19491
Graph has 1048575 nodes and 15699687 undirected edges for degree: 14
  0    1.091914
  1    0.072858
  2    0.004225
  3    0.000910
  4    0.000570
  5    0.000401
  6    0.000288
  7    0.000209
  8    0.000152
  9    0.000110
 10    0.000080
Trial Time:          0.04551
  0    1.091983
  1    0.072814
  2    0.004202
  3    0.000887
  4    0.000553
  5    0.000387
  6    0.000278
  7    0.000202
  8    0.000147
  9    0.000107
 10    0.000078
Trial Time:          0.04466
  0    1.091930
  1    0.072818
  2    0.004215
  3    0.000898
  4    0.000560
  5    0.000393
  6    0.000282
  7    0.000205
  8    0.000149
  9    0.000108
 10    0.000079
Trial Time:          0.04441
Average Time:        0.04486
Generate Time:       0.58841
Build Time:          0.40656
Graph has 2097152 nodes and 31768588 undirected edges for degree: 15
  0    1.091617
  1    0.068338
  2    0.003847
  3    0.000738
  4    0.000436
  5    0.000302
  6    0.000216
  7    0.000156
  8    0.000114
  9    0.000083
Trial Time:          0.09184
  0    1.091584
  1    0.068366
  2    0.003851
  3    0.000748
  4    0.000445
  5    0.000309
  6    0.000221
  7    0.000160
  8    0.000116
  9    0.000084
Trial Time:          0.09063
  0    1.091576
  1    0.068357
  2    0.003852
  3    0.000749
  4    0.000445
  5    0.000309
  6    0.000221
  7    0.000160
  8    0.000116
  9    0.000084
Trial Time:          0.09060
Average Time:        0.09102
Generate Time:       1.14232
Build Time:          0.88973
Graph has 4194303 nodes and 64155718 undirected edges for degree: 15
  0    1.097126
  1    0.064590
  2    0.003224
  3    0.000325
  4    0.000110
  5    0.000062
Trial Time:          0.12922
  0    1.097045
  1    0.064589
  2    0.003223
  3    0.000336
  4    0.000122
  5    0.000071
Trial Time:          0.12554
  0    1.097057
  1    0.064569
  2    0.003220
  3    0.000335
  4    0.000121
  5    0.000071
Trial Time:          0.12438
Average Time:        0.12638
Generate Time:       2.35899
Build Time:          1.93622
Graph has 8388607 nodes and 129337750 undirected edges for degree: 15
  0    1.096013
  1    0.060470
  2    0.002858
  3    0.000247
  4    0.000052
Trial Time:          0.26022
  0    1.096010
  1    0.060468
  2    0.002854
  3    0.000247
  4    0.000051
Trial Time:          0.25565
  0    1.096009
  1    0.060472
  2    0.002854
  3    0.000247
  4    0.000051
Trial Time:          0.25610
Average Time:        0.25732
Generate Time:       4.95839
Build Time:          4.24961
Graph has 16777216 nodes and 260376709 undirected edges for degree: 15
  0    1.092550
  1    0.056840
  2    0.002616
  3    0.000240
  4    0.000063
Trial Time:          0.64154
  0    1.092542
  1    0.056836
  2    0.002616
  3    0.000240
  4    0.000063
Trial Time:          0.64422
  0    1.092540
  1    0.056835
  2    0.002616
  3    0.000241
  4    0.000063
Trial Time:          0.66056
Average Time:        0.64878
Generate Time:       10.72179
Build Time:          9.48850
Graph has 33554432 nodes and 523609129 undirected edges for degree: 15
  0    1.092365
  1    0.053520
  2    0.002378
  3    0.000191
  4    0.000030
Trial Time:          1.59453
  0    1.092364
  1    0.053521
  2    0.002378
  3    0.000192
  4    0.000030
Trial Time:          1.64945
  0    1.092365
  1    0.053520
  2    0.002378
  3    0.000191
  4    0.000030
Trial Time:          1.63071
Average Time:        1.62489
Generate Time:       23.13401
Build Time:          20.86438
Graph has 67108863 nodes and 1051923215 undirected edges for degree: 15
  0    1.088590
  1    0.050229
  2    0.002184
  3    0.000197
  4    0.000049
Trial Time:          4.23413
  0    1.088590
  1    0.050230
  2    0.002184
  3    0.000197
  4    0.000049
Trial Time:          4.20602
  0    1.088591
  1    0.050230
  2    0.002184
  3    0.000197
  4    0.000048
Trial Time:          4.20526
Average Time:        4.21513
Generate Time:       50.46123
Build Time:          46.27406
Graph has 134217726 nodes and 2111632322 undirected edges for degree: 15
  0    1.083880
  1    0.047383
  2    0.001969
  3    0.000153
  4    0.000048
Trial Time:          10.60885
  0    1.083880
  1    0.047383
  2    0.001969
  3    0.000153
  4    0.000048
Trial Time:          10.66100
  0    1.083880
  1    0.047384
  2    0.001969
  3    0.000153
  4    0.000048
Trial Time:          10.67982
Average Time:        10.64989
