SCALE: 17
  4    0.000932
Trial Time:          0.00177
Average Time:        0.00173
SCALE: 18
  4    0.000648
Trial Time:          0.00319
Average Time:        0.00322
SCALE: 19
  4    0.000090
Trial Time:          0.00809
Average Time:        0.00806
SCALE: 20
  4    0.000726
Trial Time:          0.01956
Average Time:        0.01991
SCALE: 21
  4    0.000500
Trial Time:          0.04552
Average Time:        0.04593
SCALE: 22
  4    0.000106
Trial Time:          0.11574
Average Time:        0.11068
SCALE: 23
  4    0.000048
Trial Time:          0.29169
Average Time:        0.27892
SCALE: 24
  4    0.000062
Trial Time:          0.69474
Average Time:        0.68448
SCALE: 25
  4    0.000030
Trial Time:          1.68764
Average Time:        1.68668
SCALE: 26
  4    0.000049
Trial Time:          4.35223
Average Time:        4.35125
SCALE: 27
  4    0.000048
Trial Time:          11.04680
Average Time:        11.01398
SCALE: 28
  4    0.000061
Trial Time:          25.69634
Average Time:        25.67943
