SCALE: 17
  7    0.000062
Trial Time:          0.00256
Average Time:        0.00257
SCALE: 18
  7    0.000052
Trial Time:          0.00587
Average Time:        0.00593
SCALE: 19
  7    0.000047
Trial Time:          0.01379
Average Time:        0.01391
SCALE: 20
  7    0.000042
Trial Time:          0.03375
Average Time:        0.03352
SCALE: 21
  6    0.000097
Trial Time:          0.07046
Average Time:        0.07053
SCALE: 22
  6    0.000088
Trial Time:          0.16729
Average Time:        0.16810
SCALE: 23
  6    0.000081
Trial Time:          0.43783
Average Time:        0.43418
SCALE: 24
  6    0.000075
Trial Time:          1.06364
Average Time:        1.04231
SCALE: 25
  6    0.000069
Trial Time:          2.54247
Average Time:        2.50011
SCALE: 26
  6    0.000064
Trial Time:          6.13402
Average Time:        6.11159
SCALE: 27
  6    0.000059
Trial Time:          15.12161
Average Time:        15.10640
SCALE: 28
  6    0.000054
Trial Time:          35.46363
Average Time:        35.33276
