SCALE: 17
  4    0.000239
Trial Time:          0.00146
Average Time:        0.00153
SCALE: 18
  4    0.000236
Trial Time:          0.00340
Average Time:        0.00349
SCALE: 19
  4    0.000236
Trial Time:          0.00999
Average Time:        0.00999
SCALE: 20
  4    0.000236
Trial Time:          0.02354
Average Time:        0.02376
SCALE: 21
  4    0.000236
Trial Time:          0.05335
Average Time:        0.05349
SCALE: 22
  4    0.000236
Trial Time:          0.13082
Average Time:        0.12554
SCALE: 23
  4    0.000236
Trial Time:          0.33059
Average Time:        0.32941
SCALE: 24
  4    0.000236
Trial Time:          0.97284
Average Time:        0.96641
SCALE: 25
  4    0.000236
Trial Time:          2.71854
Average Time:        2.70590
SCALE: 26
  4    0.000236
Trial Time:          6.60436
Average Time:        6.54533
SCALE: 27
  4    0.000236
Trial Time:          14.71493
Average Time:        14.64590
SCALE: 28
  4    0.000236
Trial Time:          31.55299
Average Time:        31.48182
